2026-01-08 01:28:29.682 [info] [main] Log level: Info
2026-01-08 01:28:29.682 [info] [main] Validating found git in: "C:\Program Files\Git\cmd\git.exe"
2026-01-08 01:28:29.682 [info] [main] Using git "2.52.0.windows.1" from "C:\Program Files\Git\cmd\git.exe"
2026-01-08 01:28:29.682 [info] [Model][doInitialScan] Initial repository scan started
2026-01-08 01:28:29.682 [info] [Model][doInitialScan] Initial repository scan completed - repositories (0), closed repositories (0), parent repositories (0), unsafe repositories (0)
2026-01-08 01:28:49.862 [info] [main] Log level: Info
2026-01-08 01:28:49.863 [info] [main] Validating found git in: "C:\Program Files\Git\cmd\git.exe"
2026-01-08 01:28:49.863 [info] [main] Using git "2.52.0.windows.1" from "C:\Program Files\Git\cmd\git.exe"
2026-01-08 01:28:49.863 [info] [Model][doInitialScan] Initial repository scan started
2026-01-08 01:28:49.885 [info] > git rev-parse --show-toplevel [46ms]
2026-01-08 01:28:49.885 [info] fatal: not a git repository (or any of the parent directories): .git
2026-01-08 01:28:49.929 [info] > git rev-parse --show-toplevel [40ms]
2026-01-08 01:28:49.929 [info] fatal: not a git repository (or any of the parent directories): .git
2026-01-08 01:28:49.930 [info] [Model][doInitialScan] Initial repository scan completed - repositories (0), closed repositories (0), parent repositories (0), unsafe repositories (0)
2026-01-08 01:28:50.731 [info] > git rev-parse --show-toplevel [122ms]
2026-01-08 01:28:50.731 [info] fatal: not a git repository (or any of the parent directories): .git
2026-01-08 01:32:37.119 [info] > git rev-parse --show-toplevel [57ms]
2026-01-08 01:32:37.119 [info] fatal: not a git repository (or any of the parent directories): .git
2026-01-08 01:32:39.249 [info] > git rev-parse --show-toplevel [43ms]
2026-01-08 01:32:39.249 [info] fatal: not a git repository (or any of the parent directories): .git
2026-01-08 01:35:30.454 [info] > git rev-parse --show-toplevel [82ms]
2026-01-08 01:35:30.455 [info] fatal: not a git repository (or any of the parent directories): .git
2026-01-08 01:35:30.523 [info] > git rev-parse --show-toplevel [62ms]
2026-01-08 01:35:30.523 [info] fatal: not a git repository (or any of the parent directories): .git
2026-01-08 01:35:30.588 [info] > git rev-parse --show-toplevel [61ms]
2026-01-08 01:35:30.588 [info] fatal: not a git repository (or any of the parent directories): .git
2026-01-08 01:35:30.670 [info] > git rev-parse --show-toplevel [77ms]
2026-01-08 01:35:30.670 [info] fatal: not a git repository (or any of the parent directories): .git
2026-01-08 01:35:30.749 [info] > git rev-parse --show-toplevel [71ms]
2026-01-08 01:35:30.749 [info] fatal: not a git repository (or any of the parent directories): .git
2026-01-08 01:35:32.525 [info] > git rev-parse --show-toplevel [74ms]
2026-01-08 01:35:32.525 [info] fatal: not a git repository (or any of the parent directories): .git
2026-01-08 01:35:32.598 [info] > git rev-parse --show-toplevel [68ms]
2026-01-08 01:35:32.598 [info] fatal: not a git repository (or any of the parent directories): .git
2026-01-08 01:35:32.668 [info] > git rev-parse --show-toplevel [65ms]
2026-01-08 01:35:32.668 [info] fatal: not a git repository (or any of the parent directories): .git
2026-01-08 01:35:32.739 [info] > git rev-parse --show-toplevel [66ms]
2026-01-08 01:35:32.739 [info] fatal: not a git repository (or any of the parent directories): .git
2026-01-08 01:35:32.805 [info] > git rev-parse --show-toplevel [62ms]
2026-01-08 01:35:32.805 [info] fatal: not a git repository (or any of the parent directories): .git
2026-01-08 01:35:35.489 [info] > git rev-parse --show-toplevel [57ms]
2026-01-08 01:35:35.489 [info] fatal: not a git repository (or any of the parent directories): .git
2026-01-08 01:35:35.548 [info] > git rev-parse --show-toplevel [54ms]
2026-01-08 01:35:35.548 [info] fatal: not a git repository (or any of the parent directories): .git
2026-01-08 01:35:35.593 [info] > git rev-parse --show-toplevel [41ms]
2026-01-08 01:35:35.593 [info] fatal: not a git repository (or any of the parent directories): .git
2026-01-08 01:35:35.638 [info] > git rev-parse --show-toplevel [41ms]
2026-01-08 01:35:35.638 [info] fatal: not a git repository (or any of the parent directories): .git
2026-01-08 01:35:35.681 [info] > git rev-parse --show-toplevel [40ms]
2026-01-08 01:35:35.681 [info] fatal: not a git repository (or any of the parent directories): .git
2026-01-08 01:35:37.906 [info] > git rev-parse --show-toplevel [62ms]
2026-01-08 01:35:37.906 [info] fatal: not a git repository (or any of the parent directories): .git
2026-01-08 01:35:37.967 [info] > git rev-parse --show-toplevel [56ms]
2026-01-08 01:35:37.967 [info] fatal: not a git repository (or any of the parent directories): .git
2026-01-08 01:35:38.029 [info] > git rev-parse --show-toplevel [57ms]
2026-01-08 01:35:38.029 [info] fatal: not a git repository (or any of the parent directories): .git
2026-01-08 01:35:38.105 [info] > git rev-parse --show-toplevel [71ms]
2026-01-08 01:35:38.105 [info] fatal: not a git repository (or any of the parent directories): .git
2026-01-08 01:35:38.164 [info] > git rev-parse --show-toplevel [54ms]
2026-01-08 01:35:38.164 [info] fatal: not a git repository (or any of the parent directories): .git
2026-01-08 01:35:40.638 [info] > git rev-parse --show-toplevel [43ms]
2026-01-08 01:35:40.638 [info] fatal: not a git repository (or any of the parent directories): .git
2026-01-08 01:35:40.685 [info] > git rev-parse --show-toplevel [43ms]
2026-01-08 01:35:40.685 [info] fatal: not a git repository (or any of the parent directories): .git
2026-01-08 01:35:40.733 [info] > git rev-parse --show-toplevel [45ms]
2026-01-08 01:35:40.733 [info] fatal: not a git repository (or any of the parent directories): .git
2026-01-08 01:35:40.782 [info] > git rev-parse --show-toplevel [45ms]
2026-01-08 01:35:40.782 [info] fatal: not a git repository (or any of the parent directories): .git
2026-01-08 01:35:40.833 [info] > git rev-parse --show-toplevel [46ms]
2026-01-08 01:35:40.833 [info] fatal: not a git repository (or any of the parent directories): .git
2026-01-08 01:36:09.334 [info] > git rev-parse --show-toplevel [46ms]
2026-01-08 01:36:09.334 [info] fatal: not a git repository (or any of the parent directories): .git
2026-01-08 01:37:04.534 [info] > git rev-parse --show-toplevel [46ms]
2026-01-08 01:37:04.534 [info] fatal: not a git repository (or any of the parent directories): .git
2026-01-08 01:41:46.770 [info] > git rev-parse --show-toplevel [78ms]
2026-01-08 01:41:46.770 [info] fatal: not a git repository (or any of the parent directories): .git
2026-01-08 01:41:53.979 [info] > git rev-parse --show-toplevel [45ms]
2026-01-08 01:41:53.979 [info] fatal: not a git repository (or any of the parent directories): .git
2026-01-08 01:49:25.564 [info] > git rev-parse --show-toplevel [53ms]
2026-01-08 01:49:25.564 [info] fatal: not a git repository (or any of the parent directories): .git
2026-01-08 01:52:38.210 [info] > git rev-parse --show-toplevel [133ms]
2026-01-08 01:52:38.210 [info] fatal: not a git repository (or any of the parent directories): .git
2026-01-08 01:53:07.126 [info] > git rev-parse --show-toplevel [45ms]
2026-01-08 01:53:07.126 [info] fatal: not a git repository (or any of the parent directories): .git
2026-01-08 01:53:28.485 [info] > git rev-parse --show-toplevel [58ms]
2026-01-08 01:53:28.485 [info] fatal: not a git repository (or any of the parent directories): .git
2026-01-08 01:55:52.358 [info] > git rev-parse --show-toplevel [54ms]
2026-01-08 01:55:52.358 [info] fatal: not a git repository (or any of the parent directories): .git
2026-01-08 01:59:25.571 [info] > git rev-parse --show-toplevel [42ms]
2026-01-08 01:59:25.571 [info] fatal: not a git repository (or any of the parent directories): .git
2026-01-08 01:59:35.917 [info] > git rev-parse --show-toplevel [44ms]
2026-01-08 01:59:35.918 [info] fatal: not a git repository (or any of the parent directories): .git
2026-01-08 01:59:35.963 [info] > git rev-parse --show-toplevel [42ms]
2026-01-08 01:59:35.963 [info] fatal: not a git repository (or any of the parent directories): .git
2026-01-08 02:02:06.816 [info] > git rev-parse --show-toplevel [41ms]
2026-01-08 02:02:06.816 [info] fatal: not a git repository (or any of the parent directories): .git
2026-01-08 02:07:49.153 [info] > git rev-parse --show-toplevel [42ms]
2026-01-08 02:07:49.153 [info] fatal: not a git repository (or any of the parent directories): .git
2026-01-08 02:07:49.431 [info] > git rev-parse --show-toplevel [42ms]
2026-01-08 02:07:49.431 [info] fatal: not a git repository (or any of the parent directories): .git
2026-01-08 02:07:49.931 [info] > git rev-parse --show-toplevel [42ms]
2026-01-08 02:07:49.931 [info] fatal: not a git repository (or any of the parent directories): .git
2026-01-08 02:07:50.282 [info] > git rev-parse --show-toplevel [39ms]
2026-01-08 02:07:50.282 [info] fatal: not a git repository (or any of the parent directories): .git
2026-01-08 02:12:41.589 [info] > git rev-parse --show-toplevel [45ms]
2026-01-08 02:12:41.589 [info] fatal: not a git repository (or any of the parent directories): .git
2026-01-08 02:12:41.637 [info] > git rev-parse --show-toplevel [44ms]
2026-01-08 02:12:41.637 [info] fatal: not a git repository (or any of the parent directories): .git
2026-01-08 02:12:49.413 [info] > git rev-parse --show-toplevel [45ms]
2026-01-08 02:12:49.413 [info] fatal: not a git repository (or any of the parent directories): .git
2026-01-08 02:12:49.497 [info] > git rev-parse --show-toplevel [81ms]
2026-01-08 02:12:49.497 [info] fatal: not a git repository (or any of the parent directories): .git
2026-01-08 02:23:33.670 [info] > git rev-parse --show-toplevel [56ms]
2026-01-08 02:23:33.670 [info] fatal: not a git repository (or any of the parent directories): .git
2026-01-08 02:23:36.701 [info] > git rev-parse --show-toplevel [45ms]
2026-01-08 02:23:36.701 [info] fatal: not a git repository (or any of the parent directories): .git
2026-01-08 03:31:23.364 [info] > git rev-parse --show-toplevel [41ms]
2026-01-08 03:31:23.364 [info] fatal: not a git repository (or any of the parent directories): .git
2026-01-08 03:31:24.329 [info] > git rev-parse --show-toplevel [38ms]
2026-01-08 03:31:24.329 [info] fatal: not a git repository (or any of the parent directories): .git
2026-01-08 03:31:49.826 [info] > git init -b main [62ms]
2026-01-08 03:31:49.863 [info] > git rev-parse --show-toplevel [34ms]
2026-01-08 03:31:49.931 [info] > git rev-parse --git-dir --git-common-dir --show-superproject-working-tree [64ms]
2026-01-08 03:31:49.940 [info] [Model][openRepository] Opened repository (path): c:\Users\huugo\Downloads\Nucleo_Regulariza_GO_atualizado_com_alteracoes
2026-01-08 03:31:49.940 [info] [Model][openRepository] Opened repository (real path): c:\Users\huugo\Downloads\Nucleo_Regulariza_GO_atualizado_com_alteracoes
2026-01-08 03:31:49.940 [info] [Model][openRepository] Opened repository (kind): repository
2026-01-08 03:31:49.955 [info] [Git][getRemotes] No remotes found in the git config file
2026-01-08 03:31:49.992 [info] > git config --get commit.template [45ms]
2026-01-08 03:31:49.998 [info] > git for-each-ref --format=%(refname)%00%(upstream:short)%00%(objectname)%00%(upstream:track)%00%(upstream:remotename)%00%(upstream:remoteref) --ignore-case refs/heads/main refs/remotes/main [44ms]
2026-01-08 03:31:49.998 [warning] [Git][getBranch] No such branch: main
2026-01-08 03:31:50.046 [info] > git for-each-ref --sort -committerdate --format %(refname)%00%(objectname)%00%(*objectname) [39ms]
2026-01-08 03:31:50.051 [info] > git status -z -uall [49ms]
2026-01-08 03:31:50.073 [info] [Git][getRemotes] No remotes found in the git config file
2026-01-08 03:31:50.105 [info] > git for-each-ref --format=%(refname)%00%(upstream:short)%00%(objectname)%00%(upstream:track)%00%(upstream:remotename)%00%(upstream:remoteref) --ignore-case refs/heads/main refs/remotes/main [45ms]
2026-01-08 03:31:50.105 [warning] [Git][getBranch] No such branch: main
2026-01-08 03:31:50.106 [error] [GitHistoryProvider][resolveHEADMergeBase] Failed to resolve merge base for main: Error: No such branch: main.
2026-01-08 03:31:50.114 [info] > git config --get commit.template [45ms]
2026-01-08 03:31:50.118 [info] > git for-each-ref --format=%(refname)%00%(upstream:short)%00%(objectname)%00%(upstream:track)%00%(upstream:remotename)%00%(upstream:remoteref) --ignore-case refs/heads/main refs/remotes/main [46ms]
2026-01-08 03:31:50.118 [warning] [Git][getBranch] No such branch: main
2026-01-08 03:31:50.184 [info] > git status -z -uall [64ms]
2026-01-08 03:31:50.187 [info] > git for-each-ref --sort -committerdate --format %(refname)%00%(objectname)%00%(*objectname) [64ms]
2026-01-08 03:31:50.212 [info] > git log --format=%H%n%aN%n%aE%n%at%n%ct%n%P%n%D%n%B -z --shortstat --diff-merges=first-parent -n50 --skip=0 --topo-order --decorate=full --stdin [81ms]
2026-01-08 03:31:50.212 [info] fatal: bad revision 'refs/heads/main'
2026-01-08 03:31:50.212 [error] [GitHistoryProvider][provideHistoryItems] Failed to get history items with options '{"historyItemRefs":["refs/heads/main"],"limit":50,"skip":0}': Failed to execute git {
  "exitCode": 128,
  "gitCommand": "log",
  "stdout": "",
  "stderr": "fatal: bad revision 'refs/heads/main'\n"
}
2026-01-08 03:31:50.828 [info] > git check-ignore -v -z --stdin [41ms]
2026-01-08 03:31:54.672 [info] > git add -A -- . [775ms]
2026-01-08 03:31:54.672 [info] warning: in the working copy of 'nucleo-regulariza-go-updated/.env.example', LF will be replaced by CRLF the next time Git touches it
warning: in the working copy of 'nucleo-regulariza-go-updated/.gitignore', LF will be replaced by CRLF the next time Git touches it
warning: in the working copy of 'nucleo-regulariza-go-updated/BACKLOG.md', LF will be replaced by CRLF the next time Git touches it
warning: in the working copy of 'nucleo-regulariza-go-updated/README.md', LF will be replaced by CRLF the next time Git touches it
warning: in the working copy of 'nucleo-regulariza-go-updated/components.json', LF will be replaced by CRLF the next time Git touches it
warning: in the working copy of 'nucleo-regulariza-go-updated/eslint.config.js', LF will be replaced by CRLF the next time Git touches it
warning: in the working copy of 'nucleo-regulariza-go-updated/index.html', LF will be replaced by CRLF the next time Git touches it
warning: in the working copy of 'nucleo-regulariza-go-updated/package-lock.json', LF will be replaced by CRLF the next time Git touches it
warning: in the working copy of 'nucleo-regulariza-go-updated/package.json', LF will be replaced by CRLF the next time Git touches it
warning: in the working copy of 'nucleo-regulariza-go-updated/postcss.config.js', LF will be replaced by CRLF the next time Git touches it
warning: in the working copy of 'nucleo-regulariza-go-updated/public/robots.txt', LF will be replaced by CRLF the next time Git touches it
warning: in the working copy of 'nucleo-regulariza-go-updated/src/App.css', LF will be replaced by CRLF the next time Git touches it
warning: in the working copy of 'nucleo-regulariza-go-updated/src/App.tsx', LF will be replaced by CRLF the next time Git touches it
warning: in the working copy of 'nucleo-regulariza-go-updated/src/components/NavLink.tsx', LF will be replaced by CRLF the next time Git touches it
warning: in the working copy of 'nucleo-regulariza-go-updated/src/components/landing/CTA.tsx', LF will be replaced by CRLF the next time Git touches it
warning: in the working copy of 'nucleo-regulariza-go-updated/src/components/landing/Features.tsx', LF will be replaced by CRLF the next time Git touches it
warning: in the working copy of 'nucleo-regulariza-go-updated/src/components/landing/Footer.tsx', LF will be replaced by CRLF the next time Git touches it
warning: in the working copy of 'nucleo-regulariza-go-updated/src/components/landing/Header.tsx', LF will be replaced by CRLF the next time Git touches it
warning: in the working copy of 'nucleo-regulariza-go-updated/src/components/landing/Hero.tsx', LF will be replaced by CRLF the next time Git touches it
warning: in the working copy of 'nucleo-regulariza-go-updated/src/components/landing/HowItWorks.tsx', LF will be replaced by CRLF the next time Git touches it
warning: in the working copy of 'nucleo-regulariza-go-updated/src/components/layout/DashboardLayout.tsx', LF will be replaced by CRLF the next time Git touches it
warning: in the working copy of 'nucleo-regulariza-go-updated/src/components/layout/PortalLayout.tsx', LF will be replaced by CRLF the next time Git touches it
warning: in the working copy of 'nucleo-regulariza-go-updated/src/components/map/CroquiMap.tsx', LF will be replaced by CRLF the next time Git touches it
warning: in the working copy of 'nucleo-regulariza-go-updated/src/components/notifications/NotificationDropdown.tsx', LF will be replaced by CRLF the next time Git touches it
warning: in the working copy of 'nucleo-regulariza-go-updated/src/components/ui/accordion.tsx', LF will be replaced by CRLF the next time Git touches it
warning: in the working copy of 'nucleo-regulariza-go-updated/src/components/ui/alert-dialog.tsx', LF will be replaced by CRLF the next time Git touches it
warning: in the working copy of 'nucleo-regulariza-go-updated/src/components/ui/alert.tsx', LF will be replaced by CRLF the next time Git touches it
warning: in the working copy of 'nucleo-regulariza-go-updated/src/components/ui/aspect-ratio.tsx', LF will be replaced by CRLF the next time Git touches it
warning: in the working copy of 'nucleo-regulariza-go-updated/src/components/ui/avatar.tsx', LF will be replaced by CRLF the next time Git touches it
warning: in the working copy of 'nucleo-regulariza-go-updated/src/components/ui/badge.tsx', LF will be replaced by CRLF the next time Git touches it
warning: in the working copy of 'nucleo-regulariza-go-updated/src/components/ui/breadcrumb.tsx', LF will be replaced by CRLF the next time Git touches it
warning: in the working copy of 'nucleo-regulariza-go-updated/src/components/ui/button.tsx', LF will be replaced by CRLF the next time Git touches it
warning: in the working copy of 'nucleo-regulariza-go-updated/src/components/ui/calendar.tsx', LF will be replaced by CRLF the next time Git touches it
warning: in the working copy of 'nucleo-regulariza-go-updated/src/components/ui/card.tsx', LF will be replaced by CRLF the next time Git touches it
warning: in the working copy of 'nucleo-regulariza-go-updated/src/components/ui/carousel.tsx', LF will be replaced by CRLF the next time Git touches it
warning: in the working copy of 'nucleo-regulariza-go-updated/src/components/ui/chart.tsx', LF will be replaced by CRLF the next time Git touches it
warning: in the working copy of 'nucleo-regulariza-go-updated/src/components/ui/checkbox.tsx', LF will be replaced by CRLF the next time Git touches it
warning: in the working copy of 'nucleo-regulariza-go-updated/src/components/ui/collapsible.tsx', LF will be replaced by CRLF the next time Git touches it
warning: in the working copy of 'nucleo-regulariza-go-updated/src/components/ui/command.tsx', LF will be replaced by CRLF the next time Git touches it
warning: in the working copy of 'nucleo-regulariza-go-updated/src/components/ui/context-menu.tsx', LF will be replaced by CRLF the next time Git touches it
warning: in the working copy of 'nucleo-regulariza-go-updated/src/components/ui/dialog.tsx', LF will be replaced by CRLF the next time Git touches it
warning: in the working copy of 'nucleo-regulariza-go-updated/src/components/ui/drawer.tsx', LF will be replaced by CRLF the next time Git touches it
warning: in the working copy of 'nucleo-regulariza-go-updated/src/components/ui/dropdown-menu.tsx', LF will be replaced by CRLF the next time Git touches it
warning: in the working copy of 'nucleo-regulariza-go-updated/src/components/ui/form.tsx', LF will be replaced by CRLF the next time Git touches it
warning: in the working copy of 'nucleo-regulariza-go-updated/src/components/ui/hover-card.tsx', LF will be replaced by CRLF the next time Git touches it
warning: in the working copy of 'nucleo-regulariza-go-updated/src/components/ui/input-otp.tsx', LF will be replaced by CRLF the next time Git touches it
warning: in the working copy of 'nucleo-regulariza-go-updated/src/components/ui/input.tsx', LF will be replaced by CRLF the next time Git touches it
warning: in the working copy of 'nucleo-regulariza-go-updated/src/components/ui/label.tsx', LF will be replaced by CRLF the next time Git touches it
warning: in the working copy of 'nucleo-regulariza-go-updated/src/components/ui/menubar.tsx', LF will be replaced by CRLF the next time Git touches it
warning: in the working copy of 'nucleo-regulariza-go-updated/src/components/ui/navigation-menu.tsx', LF will be replaced by CRLF the next time Git touches it
warning: in the working copy of 'nucleo-regulariza-go-updated/src/components/ui/pagination.tsx', LF will be replaced by CRLF the next time Git touches it
warning: in the working copy of 'nucleo-regulariza-go-updated/src/components/ui/popover.tsx', LF will be replaced by CRLF the next time Git touches it
warning: in the working copy of 'nucleo-regulariza-go-updated/src/components/ui/progress.tsx', LF will be replaced by CRLF the next time Git touches it
warning: in the working copy of 'nucleo-regulariza-go-updated/src/components/ui/radio-group.tsx', LF will be replaced by CRLF the next time Git touches it
warning: in the working copy of 'nucleo-regulariza-go-updated/src/components/ui/resizable.tsx', LF will be replaced by CRLF the next time Git touches it
warning: in the working copy of 'nucleo-regulariza-go-updated/src/components/ui/scroll-area.tsx', LF will be replaced by CRLF the next time Git touches it
warning: in the working copy of 'nucleo-regulariza-go-updated/src/components/ui/select.tsx', LF will be replaced by CRLF the next time Git touches it
warning: in the working copy of 'nucleo-regulariza-go-updated/src/components/ui/separator.tsx', LF will be replaced by CRLF the next time Git touches it
warning: in the working copy of 'nucleo-regulariza-go-updated/src/components/ui/sheet.tsx', LF will be replaced by CRLF the next time Git touches it
warning: in the working copy of 'nucleo-regulariza-go-updated/src/components/ui/sidebar.tsx', LF will be replaced by CRLF the next time Git touches it
warning: in the working copy of 'nucleo-regulariza-go-updated/src/components/ui/skeleton.tsx', LF will be replaced by CRLF the next time Git touches it
warning: in the working copy of 'nucleo-regulariza-go-updated/src/components/ui/slider.tsx', LF will be replaced by CRLF the next time Git touches it
warning: in the working copy of 'nucleo-regulariza-go-updated/src/components/ui/sonner.tsx', LF will be replaced by CRLF the next time Git touches it
warning: in the working copy of 'nucleo-regulariza-go-updated/src/components/ui/switch.tsx', LF will be replaced by CRLF the next time Git touches it
warning: in the working copy of 'nucleo-regulariza-go-updated/src/components/ui/table.tsx', LF will be replaced by CRLF the next time Git touches it
warning: in the working copy of 'nucleo-regulariza-go-updated/src/components/ui/tabs.tsx', LF will be replaced by CRLF the next time Git touches it
warning: in the working copy of 'nucleo-regulariza-go-updated/src/components/ui/textarea.tsx', LF will be replaced by CRLF the next time Git touches it
warning: in the working copy of 'nucleo-regulariza-go-updated/src/components/ui/toast.tsx', LF will be replaced by CRLF the next time Git touches it
warning: in the working copy of 'nucleo-regulariza-go-updated/src/components/ui/toaster.tsx', LF will be replaced by CRLF the next time Git touches it
warning: in the working copy of 'nucleo-regulariza-go-updated/src/components/ui/toggle-group.tsx', LF will be replaced by CRLF the next time Git touches it
warning: in the working copy of 'nucleo-regulariza-go-updated/src/components/ui/toggle.tsx', LF will be replaced by CRLF the next time Git touches it
warning: in the working copy of 'nucleo-regulariza-go-updated/src/components/ui/tooltip.tsx', LF will be replaced by CRLF the next time Git touches it
warning: in the working copy of 'nucleo-regulariza-go-updated/src/components/ui/use-toast.ts', LF will be replaced by CRLF the next time Git touches it
warning: in the working copy of 'nucleo-regulariza-go-updated/src/hooks/use-mobile.tsx', LF will be replaced by CRLF the next time Git touches it
warning: in the working copy of 'nucleo-regulariza-go-updated/src/hooks/use-toast.ts', LF will be replaced by CRLF the next time Git touches it
warning: in the working copy of 'nucleo-regulariza-go-updated/src/hooks/useNotifications.ts', LF will be replaced by CRLF the next time Git touches it
warning: in the working copy of 'nucleo-regulariza-go-updated/src/index.css', LF will be replaced by CRLF the next time Git touches it
warning: in the working copy of 'nucleo-regulariza-go-updated/src/integrations/supabase/client.ts', LF will be replaced by CRLF the next time Git touches it
warning: in the working copy of 'nucleo-regulariza-go-updated/src/integrations/supabase/types.ts', LF will be replaced by CRLF the next time Git touches it
warning: in the working copy of 'nucleo-regulariza-go-updated/src/lib/utils.ts', LF will be replaced by CRLF the next time Git touches it
warning: in the working copy of 'nucleo-regulariza-go-updated/src/main.tsx', LF will be replaced by CRLF the next time Git touches it
warning: in the working copy of 'nucleo-regulariza-go-updated/src/pages/Auth.tsx', LF will be replaced by CRLF the next time Git touches it
warning: in the working copy of 'nucleo-regulariza-go-updated/src/pages/CaseReview.tsx', LF will be replaced by CRLF the next time Git touches it
warning: in the working copy of 'nucleo-regulariza-go-updated/src/pages/Cases.tsx', LF will be replaced by CRLF the next time Git touches it
warning: in the working copy of 'nucleo-regulariza-go-updated/src/pages/Clients.tsx', LF will be replaced by CRLF the next time Git touches it
warning: in the working copy of 'nucleo-regulariza-go-updated/src/pages/Dashboard.tsx', LF will be replaced by CRLF the next time Git touches it
warning: in the working copy of 'nucleo-regulariza-go-updated/src/pages/Exports.tsx', LF will be replaced by CRLF the next time Git touches it
warning: in the working copy of 'nucleo-regulariza-go-updated/src/pages/Index.tsx', LF will be replaced by CRLF the next time Git touches it
warning: in the working copy of 'nucleo-regulariza-go-updated/src/pages/NewCase.tsx', LF will be replaced by CRLF the next time Git touches it
warning: in the working copy of 'nucleo-regulariza-go-updated/src/pages/NotFound.tsx', LF will be replaced by CRLF the next time Git touches it
warning: in the working copy of 'nucleo-regulariza-go-updated/src/pages/Pending.tsx', LF will be replaced by CRLF the next time Git touches it
warning: in the working copy of 'nucleo-regulariza-go-updated/src/pages/Settings.tsx', LF will be replaced by CRLF the next time Git touches it
warning: in the working copy of 'nucleo-regulariza-go-updated/src/pages/Templates.tsx', LF will be replaced by CRLF the next time Git touches it
warning: in the working copy of 'nucleo-regulariza-go-updated/src/pages/WorkspaceOnboarding.tsx', LF will be replaced by CRLF the next time Git touches it
warning: in the working copy of 'nucleo-regulariza-go-updated/src/pages/portal/PortalCroqui.tsx', LF will be replaced by CRLF the next time Git touches it
warning: in the working copy of 'nucleo-regulariza-go-updated/src/pages/portal/PortalDocumentos.tsx', LF will be replaced by CRLF the next time Git touches it
warning: in the working copy of 'nucleo-regulariza-go-updated/src/pages/portal/PortalHome.tsx', LF will be replaced by CRLF the next time Git touches it
warning: in the working copy of 'nucleo-regulariza-go-updated/src/pages/portal/PortalQuestionario.tsx', LF will be replaced by CRLF the next time Git touches it
warning: in the working copy of 'nucleo-regulariza-go-updated/src/pages/portal/PortalRevisao.tsx', LF will be replaced by CRLF the next time Git touches it
warning: in the working copy of 'nucleo-regulariza-go-updated/src/types/mapbox-gl-draw.d.ts', LF will be replaced by CRLF the next time Git touches it
warning: in the working copy of 'nucleo-regulariza-go-updated/src/vite-env.d.ts', LF will be replaced by CRLF the next time Git touches it
warning: in the working copy of 'nucleo-regulariza-go-updated/supabase/migrations/20260107052117_76571407-1c10-4a6b-a347-f83f53f4af77.sql', LF will be replaced by CRLF the next time Git touches it
warning: in the working copy of 'nucleo-regulariza-go-updated/tailwind.config.ts', LF will be replaced by CRLF the next time Git touches it
warning: in the working copy of 'nucleo-regulariza-go-updated/tsconfig.app.json', LF will be replaced by CRLF the next time Git touches it
warning: in the working copy of 'nucleo-regulariza-go-updated/tsconfig.json', LF will be replaced by CRLF the next time Git touches it
warning: in the working copy of 'nucleo-regulariza-go-updated/tsconfig.node.json', LF will be replaced by CRLF the next time Git touches it
warning: in the working copy of 'nucleo-regulariza-go-updated/vercel.json', LF will be replaced by CRLF the next time Git touches it
warning: in the working copy of 'nucleo-regulariza-go-updated/vite.config.ts', LF will be replaced by CRLF the next time Git touches it
2026-01-08 03:31:55.363 [info] > git show --textconv :.git/COMMIT_EDITMSG [41ms]
2026-01-08 03:31:55.369 [info] > git ls-files --stage -- .git/COMMIT_EDITMSG [42ms]
2026-01-08 03:31:55.411 [info] > git hash-object -t tree /dev/null [44ms]
2026-01-08 03:31:55.411 [warning] [GitFileSystemProvider][readFile] File not found - git:/c%3A/Users/huugo/Downloads/Nucleo_Regulariza_GO_atualizado_com_alteracoes/.git/COMMIT_EDITMSG.git?%7B%22path%22%3A%22c%3A%5C%5CUsers%5C%5Chuugo%5C%5CDownloads%5C%5CNucleo_Regulariza_GO_atualizado_com_alteracoes%5C%5C.git%5C%5CCOMMIT_EDITMSG%22%2C%22ref%22%3A%22%22%7D
2026-01-08 03:31:55.414 [info] > git hash-object -t tree /dev/null [42ms]
2026-01-08 03:31:55.414 [warning] [GitFileSystemProvider][stat] File not found - git:/c%3A/Users/huugo/Downloads/Nucleo_Regulariza_GO_atualizado_com_alteracoes/.git/COMMIT_EDITMSG.git?%7B%22path%22%3A%22c%3A%5C%5CUsers%5C%5Chuugo%5C%5CDownloads%5C%5CNucleo_Regulariza_GO_atualizado_com_alteracoes%5C%5C.git%5C%5CCOMMIT_EDITMSG%22%2C%22ref%22%3A%22%22%7D
2026-01-08 03:31:55.751 [info] > git check-ignore -v -z --stdin [40ms]
2026-01-08 03:32:02.437 [info] > git check-ignore -v -z --stdin [35ms]
2026-01-08 03:32:04.625 [info] > git check-ignore -v -z --stdin [39ms]
2026-01-08 03:32:05.958 [info] > git check-ignore -v -z --stdin [39ms]
2026-01-08 03:32:11.495 [info] > git log --format=%H%n%aN%n%aE%n%at%n%ct%n%P%n%D%n%B -z -n5 [38ms]
2026-01-08 03:32:11.495 [info] fatal: your current branch 'main' does not have any commits yet
2026-01-08 03:32:18.275 [info] > git check-ignore -v -z --stdin [39ms]
2026-01-08 03:32:22.428 [info] > git check-ignore -v -z --stdin [41ms]
2026-01-08 03:34:38.482 [info] > git log --format=%H%n%aN%n%aE%n%at%n%ct%n%P%n%D%n%B -z --shortstat --diff-merges=first-parent -n50 --skip=0 --topo-order --decorate=full --stdin [42ms]
2026-01-08 03:34:38.482 [info] fatal: bad revision 'refs/heads/main'
2026-01-08 03:34:38.483 [error] [GitHistoryProvider][provideHistoryItems] Failed to get history items with options '{"historyItemRefs":["refs/heads/main"],"limit":50,"skip":0}': Failed to execute git {
  "exitCode": 128,
  "gitCommand": "log",
  "stdout": "",
  "stderr": "fatal: bad revision 'refs/heads/main'\n"
}
2026-01-08 03:44:28.221 [info] > git show --textconv :nucleo-regulariza-go-updated/.env [46ms]
2026-01-08 03:44:28.221 [warning] [GitFileSystemProvider][readFile] File not found - git:/c%3A/Users/huugo/Downloads/Nucleo_Regulariza_GO_atualizado_com_alteracoes/nucleo-regulariza-go-updated/.env.git?%7B%22path%22%3A%22c%3A%5C%5CUsers%5C%5Chuugo%5C%5CDownloads%5C%5CNucleo_Regulariza_GO_atualizado_com_alteracoes%5C%5Cnucleo-regulariza-go-updated%5C%5C.env%22%2C%22ref%22%3A%22%22%7D
2026-01-08 03:44:28.226 [info] > git ls-files --stage -- nucleo-regulariza-go-updated/.env [46ms]
2026-01-08 03:44:28.226 [warning] [GitFileSystemProvider][stat] File not found - git:/c%3A/Users/huugo/Downloads/Nucleo_Regulariza_GO_atualizado_com_alteracoes/nucleo-regulariza-go-updated/.env.git?%7B%22path%22%3A%22c%3A%5C%5CUsers%5C%5Chuugo%5C%5CDownloads%5C%5CNucleo_Regulariza_GO_atualizado_com_alteracoes%5C%5Cnucleo-regulariza-go-updated%5C%5C.env%22%2C%22ref%22%3A%22%22%7D
2026-01-08 03:44:28.566 [info] > git check-ignore -v -z --stdin [36ms]
2026-01-08 03:44:34.761 [info] > git show --textconv :nucleo-regulariza-go-updated/.env [39ms]
2026-01-08 03:44:34.761 [warning] [GitFileSystemProvider][readFile] File not found - git:/c%3A/Users/huugo/Downloads/Nucleo_Regulariza_GO_atualizado_com_alteracoes/nucleo-regulariza-go-updated/.env.git?%7B%22path%22%3A%22c%3A%5C%5CUsers%5C%5Chuugo%5C%5CDownloads%5C%5CNucleo_Regulariza_GO_atualizado_com_alteracoes%5C%5Cnucleo-regulariza-go-updated%5C%5C.env%22%2C%22ref%22%3A%22%22%7D
2026-01-08 03:44:34.763 [info] > git ls-files --stage -- nucleo-regulariza-go-updated/.env [39ms]
2026-01-08 03:44:34.764 [warning] [GitFileSystemProvider][stat] File not found - git:/c%3A/Users/huugo/Downloads/Nucleo_Regulariza_GO_atualizado_com_alteracoes/nucleo-regulariza-go-updated/.env.git?%7B%22path%22%3A%22c%3A%5C%5CUsers%5C%5Chuugo%5C%5CDownloads%5C%5CNucleo_Regulariza_GO_atualizado_com_alteracoes%5C%5Cnucleo-regulariza-go-updated%5C%5C.env%22%2C%22ref%22%3A%22%22%7D
2026-01-08 03:45:02.621 [info] > git show --textconv :nucleo-regulariza-go-updated/.env [40ms]
2026-01-08 03:45:02.621 [warning] [GitFileSystemProvider][readFile] File not found - git:/c%3A/Users/huugo/Downloads/Nucleo_Regulariza_GO_atualizado_com_alteracoes/nucleo-regulariza-go-updated/.env.git?%7B%22path%22%3A%22c%3A%5C%5CUsers%5C%5Chuugo%5C%5CDownloads%5C%5CNucleo_Regulariza_GO_atualizado_com_alteracoes%5C%5Cnucleo-regulariza-go-updated%5C%5C.env%22%2C%22ref%22%3A%22%22%7D
2026-01-08 03:45:02.623 [info] > git ls-files --stage -- nucleo-regulariza-go-updated/.env [39ms]
2026-01-08 03:45:02.623 [warning] [GitFileSystemProvider][stat] File not found - git:/c%3A/Users/huugo/Downloads/Nucleo_Regulariza_GO_atualizado_com_alteracoes/nucleo-regulariza-go-updated/.env.git?%7B%22path%22%3A%22c%3A%5C%5CUsers%5C%5Chuugo%5C%5CDownloads%5C%5CNucleo_Regulariza_GO_atualizado_com_alteracoes%5C%5Cnucleo-regulariza-go-updated%5C%5C.env%22%2C%22ref%22%3A%22%22%7D
2026-01-08 03:56:57.207 [info] > git check-ignore -v -z --stdin [41ms]
2026-01-08 04:04:12.693 [info] > git show --textconv :.vscode/launch.json [47ms]
2026-01-08 04:04:12.694 [warning] [GitFileSystemProvider][readFile] File not found - git:/c%3A/Users/huugo/Downloads/Nucleo_Regulariza_GO_atualizado_com_alteracoes/.vscode/launch.json.git?%7B%22path%22%3A%22c%3A%5C%5CUsers%5C%5Chuugo%5C%5CDownloads%5C%5CNucleo_Regulariza_GO_atualizado_com_alteracoes%5C%5C.vscode%5C%5Claunch.json%22%2C%22ref%22%3A%22%22%7D
2026-01-08 04:04:12.696 [info] > git ls-files --stage -- .vscode/launch.json [44ms]
2026-01-08 04:04:12.696 [warning] [GitFileSystemProvider][stat] File not found - git:/c%3A/Users/huugo/Downloads/Nucleo_Regulariza_GO_atualizado_com_alteracoes/.vscode/launch.json.git?%7B%22path%22%3A%22c%3A%5C%5CUsers%5C%5Chuugo%5C%5CDownloads%5C%5CNucleo_Regulariza_GO_atualizado_com_alteracoes%5C%5C.vscode%5C%5Claunch.json%22%2C%22ref%22%3A%22%22%7D
2026-01-08 04:04:12.976 [info] > git check-ignore -v -z --stdin [39ms]
2026-01-08 04:06:17.595 [info] > git log --format=%H%n%aN%n%aE%n%at%n%ct%n%P%n%D%n%B -z --shortstat --diff-merges=first-parent -n50 --skip=0 --topo-order --decorate=full --stdin [43ms]
2026-01-08 04:06:17.595 [info] fatal: bad revision 'refs/heads/main'
2026-01-08 04:06:17.595 [error] [GitHistoryProvider][provideHistoryItems] Failed to get history items with options '{"historyItemRefs":["refs/heads/main"],"limit":50,"skip":0}': Failed to execute git {
  "exitCode": 128,
  "gitCommand": "log",
  "stdout": "",
  "stderr": "fatal: bad revision 'refs/heads/main'\n"
}
